0 silly argv {
0 silly argv   _: [ 'import' ],
0 silly argv   lernaVersion: '3.22.1',
0 silly argv   '$0': '/Users/Rve/Projets/2JP/eso/node_modules/.bin/lerna',
0 silly argv   dir: '/Users/Rve/Projets/2JP/sinuous-try/src/Eso'
0 silly argv }
1 notice cli v3.22.1
2 verbose rootPath /Users/Rve/Projets/2JP/eso
3 info versioning independent
4 error Error: Cannot find module '/Users/Rve/Projets/2JP/sinuous-try/src/Eso/package.json'
4 error Require stack:
4 error - /Users/Rve/Projets/2JP/eso/node_modules/@lerna/import/index.js
4 error - /Users/Rve/Projets/2JP/eso/node_modules/@lerna/import/command.js
4 error - /Users/Rve/Projets/2JP/eso/node_modules/lerna/index.js
4 error - /Users/Rve/Projets/2JP/eso/node_modules/lerna/cli.js
4 error     at Function.Module._resolveFilename (internal/modules/cjs/loader.js:966:15)
4 error     at Function.Module._load (internal/modules/cjs/loader.js:842:27)
4 error     at Module.require (internal/modules/cjs/loader.js:1026:19)
4 error     at require (internal/modules/cjs/helpers.js:72:18)
4 error     at ImportCommand.initialize (/Users/Rve/Projets/2JP/eso/node_modules/@lerna/import/index.js:57:25)
